<?xml version="1.0" encoding="UTF-8"?>
<!-- Generated by org.testng.reporters.JUnitReportReporter -->
<testsuite hostname="Nabeels-MacBook-Pro.local" failures="0" tests="2" name="unittest.UnitTest" time="0.011" errors="0" timestamp="2023-02-18T02:24:28 EST" skipped="1">
  <testcase classname="unittest.UnitTest" name="system_getpropertyTest" time="0.011"/>
  <system-out/>
  <testcase classname="unittest.UnitTest" name="unitTestHomeData">
    <skipped/>
  </testcase> <!-- unitTestHomeData -->
  <system-out/>
</testsuite> <!-- unittest.UnitTest -->
