<?xml version="1.0" encoding="UTF-8"?>
<!-- Generated by org.testng.reporters.JUnitReportReporter -->
<testsuite hostname="Nabeels-MBP.lan" failures="0" tests="1" name="findAagent.FindAnAgent" time="15.590" errors="0" timestamp="2023-02-17T13:43:45 EST" skipped="0">
  <testcase classname="findAagent.FindAnAgent" name="findAnAgent" time="15.590"/>
  <system-out>
    <![CDATA[Proxy element for: DefaultElementLocator 'By.xpath: //a[@id='cf128f7c-3b92-47e9-b84c-0e79dd302f4f_acf4953e-4908-4dfb-a677-239b5acaeb81-header-desktop-nav-level-0-link']' ---> has been clicked<br>
Validating ---> Actual : *** Find an Allstate Insurance Agent Near You ***. Expected : *** Find an Allstate Insurance Agent Near You ***<br>
11435 <--- This value has been passed into ---> [[ChromeDriver: chrome on MAC (799c96e53cfbbbddaeb3fa32cfcd081c)] -> css selector: #zip]<br>
[[ChromeDriver: chrome on MAC (799c96e53cfbbbddaeb3fa32cfcd081c)] -> css selector: button.search-button.Locator-button.Button--mint.js-form-submit] ---> has been clicked<br>
[[ChromeDriver: chrome on MAC (799c96e53cfbbbddaeb3fa32cfcd081c)] -> xpath: //span[text()='Filters']] ---> has been clicked<br>
[[ChromeDriver: chrome on MAC (799c96e53cfbbbddaeb3fa32cfcd081c)] -> css selector: button.Locator-toggleView.Locator-toggleView--list.js-toggleView-list] ---> has been clicked<br>]]>
  </system-out>
</testsuite> <!-- findAagent.FindAnAgent -->
